<?xml version="1.0" encoding="UTF-8"?>
<testng-results ignored="0" total="1" passed="1" failed="0" skipped="0">
  <reporter-output>
  </reporter-output>
  <suite started-at="2025-08-04T11:59:20 IST" name="Default suite" finished-at="2025-08-04T12:00:04 IST" duration-ms="44502">
    <groups>
    </groups>
    <test started-at="2025-08-04T11:59:20 IST" name="Default test" finished-at="2025-08-04T12:00:04 IST" duration-ms="44502">
      <class name="books.TC_DWS_001_Test">
        <test-method is-config="true" signature="reportcnfig()[pri:0, instance:books.TC_DWS_001_Test@139982de]" started-at="2025-08-04T11:59:19 IST" name="reportcnfig" finished-at="2025-08-04T11:59:20 IST" duration-ms="1185" status="PASS">
          <reporter-output>
          </reporter-output>
        </test-method> <!-- reportcnfig -->
        <test-method is-config="true" signature="openBrowser()[pri:0, instance:books.TC_DWS_001_Test@139982de]" started-at="2025-08-04T11:59:20 IST" name="openBrowser" finished-at="2025-08-04T11:59:52 IST" duration-ms="31564" status="PASS">
          <reporter-output>
          </reporter-output>
        </test-method> <!-- openBrowser -->
        <test-method is-config="true" signature="login()[pri:0, instance:books.TC_DWS_001_Test@139982de]" started-at="2025-08-04T11:59:53 IST" name="login" finished-at="2025-08-04T11:59:58 IST" duration-ms="5354" status="PASS">
          <reporter-output>
          </reporter-output>
        </test-method> <!-- login -->
        <test-method signature="clickOnBooks()[pri:0, instance:books.TC_DWS_001_Test@139982de]" started-at="2025-08-04T11:59:58 IST" name="clickOnBooks" finished-at="2025-08-04T12:00:01 IST" duration-ms="3022" status="PASS">
          <reporter-output>
          </reporter-output>
        </test-method> <!-- clickOnBooks -->
        <test-method is-config="true" signature="logout()[pri:0, instance:books.TC_DWS_001_Test@139982de]" started-at="2025-08-04T12:00:01 IST" name="logout" finished-at="2025-08-04T12:00:03 IST" duration-ms="1978" status="PASS">
          <reporter-output>
          </reporter-output>
        </test-method> <!-- logout -->
        <test-method is-config="true" signature="closeBrowser()[pri:0, instance:books.TC_DWS_001_Test@139982de]" started-at="2025-08-04T12:00:03 IST" name="closeBrowser" finished-at="2025-08-04T12:00:04 IST" duration-ms="1423" status="PASS">
          <reporter-output>
          </reporter-output>
        </test-method> <!-- closeBrowser -->
        <test-method is-config="true" signature="reportBackup()[pri:0, instance:books.TC_DWS_001_Test@139982de]" started-at="2025-08-04T12:00:05 IST" name="reportBackup" finished-at="2025-08-04T12:00:07 IST" duration-ms="2130" status="PASS">
          <reporter-output>
          </reporter-output>
        </test-method> <!-- reportBackup -->
      </class> <!-- books.TC_DWS_001_Test -->
    </test> <!-- Default test -->
  </suite> <!-- Default suite -->
</testng-results>
